<?xml version="1.0" encoding="UTF-8"?>
<testng-results skipped="0" failed="0" total="1" passed="1">
  <reporter-output>
  </reporter-output>
  <suite name="Default suite" duration-ms="116090" started-at="2016-01-16T22:18:57Z" finished-at="2016-01-16T22:20:53Z">
    <groups>
    </groups>
    <test name="Default test" duration-ms="116090" started-at="2016-01-16T22:18:57Z" finished-at="2016-01-16T22:20:53Z">
      <class name="webdriver.Cart">
        <test-method status="PASS" signature="method()[pri:0, instance:webdriver.Cart@57927561]" name="method" duration-ms="115779" started-at="2016-01-16T14:18:57Z" finished-at="2016-01-16T14:20:53Z">
          <reporter-output>
          </reporter-output>
        </test-method> <!-- method -->
      </class> <!-- webdriver.Cart -->
    </test> <!-- Default test -->
  </suite> <!-- Default suite -->
</testng-results>
